  main.c
d:\school\info\sokoban\src\main.c(13): warning C4996: 'sprintf': This function or variable may be unsafe. Consider using sprintf_s instead. To disable deprecation, use _CRT_SECURE_NO_WARNINGS. See online help for details.
  c:\program files (x86)\windows kits\10\include\10.0.10240.0\ucrt\stdio.h(1769): note: see declaration of 'sprintf'
d:\school\info\sokoban\src\main.c(18): warning C4101: 'color': unreferenced local variable
d:\school\info\sokoban\src\main.c(40): warning C4013: 'makeListSprites' undefined; assuming extern returning int
d:\school\info\sokoban\src\main.c(33): warning C4113: 'int (__cdecl *)()' differs in parameter lists from 'int (__cdecl *)(int)'
d:\school\info\sokoban\src\main.c(33): warning C4113: 'void (__cdecl *)()' differs in parameter lists from 'int (__cdecl *)(int)'
d:\school\info\sokoban\src\main.c(33): warning C4133: 'initializing': incompatible types - from 'void (__cdecl *)()' to 'int (__cdecl *)(int)'
  SpriteRenderer.c
d:\school\info\sokoban\src\spriterenderer.c(21): warning C4013: 'renderScreen' undefined; assuming extern returning int
  Level.c
  EventManager.c
  Core.c
d:\school\info\sokoban\src\core.c(60): warning C4047: '=': 'int' differs in levels of indirection from 'ALLEGRO_FONT *'
  Button.c
d:\school\info\sokoban\src\button.c(32): warning C4047: '=': 'int' differs in levels of indirection from 'ALLEGRO_FONT *'
d:\school\info\sokoban\src\button.c(33): warning C4013: 'renderScreen' undefined; assuming extern returning int
  Generating Code...
d:\school\info\sokoban\src\eventmanager.c(45): warning C4715: 'onKeyUp': not all control paths return a value
d:\school\info\sokoban\src\main.c(22): warning C4716: 'openLevelSelect': must return a value
  sokoban.vcxproj -> D:\School\Info\sokoban\src\Debug\sokoban.exe
  sokoban.vcxproj -> D:\School\Info\sokoban\src\Debug\sokoban.pdb (Full PDB)
